Arguments: 
  C:\Program Files\nodejs\node.exe C:\Users\Andrey\.node\corepack\yarn\1.22.15\bin\yarn.js

PATH: 
  C:\Users\Andrey\bin;C:\Program Files\Git\mingw64\bin;C:\Program Files\Git\usr\local\bin;C:\Program Files\Git\usr\bin;C:\Program Files\Git\usr\bin;C:\Program Files\Git\mingw64\bin;C:\Program Files\Git\usr\bin;C:\Users\Andrey\bin;D:\;D:\Scripts;C:\Program Files\Common Files\Oracle\Java\javapath;C:\gcc\bin;C:\gcc\libexec\gcc\x86_64-w64-mingw32\10.2.0;C:\Users\Andrey\gcc\bin;C:\Users\Andrey\gcc\libexec\gcc\x86_64-w64-mingw32\10.2.0;C:\Windows\system32;C:\Windows;C:\Windows\System32\Wbem;C:\Windows\System32\WindowsPowerShell\v1.0;C:\Windows\System32\OpenSSH;C:\Program Files (x86)\NVIDIA Corporation\PhysX\Common;C:\Program Files\NVIDIA Corporation\NVIDIA NvDLISR;D:\PuTTY;C:\WINDOWS\system32;C:\WINDOWS;C:\WINDOWS\System32\Wbem;C:\WINDOWS\System32\WindowsPowerShell\v1.0;C:\WINDOWS\System32\OpenSSH;C:\Program Files\CMake\bin;C:\Program Files\Docker\Docker\resources\bin;C:\ProgramData\DockerDesktop\version-bin;C:\Program Files\Git LFS;C:\Program Files\Go\bin;C:\Program Files\nodejs;C:\Program Files\Git\cmd;C:\Program Files\Cloudflare\Cloudflare WARP;C:\Users\Andrey\AppData\Local\Programs\Python\Python38\Scripts;C:\Users\Andrey\AppData\Local\Programs\Python\Python38;C:\Users\Andrey\AppData\Local\Programs\Python\Python38-32\Scripts;C:\Users\Andrey\AppData\Local\Programs\Python\Python38-32;C:\Users\Andrey\AppData\Local\Microsoft\WindowsApps;C:\Users\Andrey\AppData\Local\Programs\Microsoft VS Code\bin;C:\Users\Andrey\AppData\Local\GitHubDesktop\bin;C:\intelFPGA\18.1\modelsim_ae\win32aloem;C:\intelFPGA_lite\18.1\modelsim_ase\win32aloem;C:\Users\Andrey\AppData\Local\Microsoft\WindowsApps;C:\Users\Andrey\go\bin;C:\Users\Andrey\AppData\Roaming\npm;C:\Users\Andrey\AppData\Local\Programs\Fiddler;C:\Program Files\Git\usr\bin\vendor_perl;C:\Program Files\Git\usr\bin\core_perl

Yarn version: 
  1.22.15

Node version: 
  17.8.0

Platform: 
  win32 x64

Trace: 
  Error: https://registry.yarnpkg.com/@simswap%2fdecentralized-exchange-core: Not found
      at Request.params.callback [as _callback] (C:\Users\Andrey\.node\corepack\yarn\1.22.15\lib\cli.js:66140:18)
      at Request.self.callback (C:\Users\Andrey\.node\corepack\yarn\1.22.15\lib\cli.js:140885:22)
      at Request.emit (node:events:527:28)
      at Request.<anonymous> (C:\Users\Andrey\.node\corepack\yarn\1.22.15\lib\cli.js:141857:10)
      at Request.emit (node:events:527:28)
      at IncomingMessage.<anonymous> (C:\Users\Andrey\.node\corepack\yarn\1.22.15\lib\cli.js:141779:12)
      at Object.onceWrapper (node:events:641:28)
      at IncomingMessage.emit (node:events:539:35)
      at endReadableNT (node:internal/streams/readable:1345:12)
      at processTicksAndRejections (node:internal/process/task_queues:83:21)

npm manifest: 
  {
    "name": "@simswap/decentralized-exchange-core",
    "description": "🎛 Core contracts for the Simswap protocol",
    "version": "1.0.1",
    "homepage": "https://decentralized-exchange-beta.vercel.app/",
    "repository": {
      "type": "git",
      "url": "git+https://github.com/1kresh/decentralized-exchange-core.git"
    },
    "keywords": [
      "simswap",
      "ethereum",
      "core"
    ],
    "files": [
      "contracts",
      "build"
    ],
    "engines": {
      "node": ">=16"
    },
    "devDependencies": {
      "@types/chai": "^4.3.1",
      "@types/mocha": "^9.1.1",
      "chai": "^4.3.6",
      "ethereum-waffle": "^4.0.0",
      "ethereumjs-util": "^7.1.5",
      "ethers": "^5.6.9",
      "mocha": "^10.0.0",
      "prettier": "^2.7.1",
      "rimraf": "^3.0.2",
      "solc": "0.8.15",
      "ts-node": "^10.8.1",
      "typescript": "^4.7.4"
    },
    "scripts": {
      "lint": "yarn prettier ./test/*.ts --check",
      "lint:fix": "yarn prettier ./test/*.ts --write",
      "clean": "rimraf ./build/",
      "precompile": "yarn clean",
      "compile": "waffle .waffle.json",
      "pretest": "yarn compile",
      "test": "mocha",
      "prepublishOnly": "yarn test"
    },
    "license": "UNLICENSED",
    "dependencies": {
      "@simswap/decentralized-exchange-core": "^1.0.0",
      "core-js": "^3.23.1"
    },
    "bugs": {
      "url": "https://github.com/1kresh/decentralized-exchange-core/issues"
    },
    "main": "index.js",
    "directories": {
      "test": "test"
    },
    "author": "1kresh"
  }

yarn manifest: 
  No manifest

Lockfile: 
  No lockfile
